Removed @azure/app-configuration@1.3.0 because of docs package validation failure on 2021-10-27 23:08 +00:00
	docker: invalid reference format.
	See 'docker run --help'.
Removed @azure/search-documents@11.2.1 because of docs package validation failure on 2021-10-27 23:08 +00:00
	docker: invalid reference format.
	See 'docker run --help'.
Removed @azure/communication-chat@1.1.1 because of docs package validation failure on 2021-10-27 23:08 +00:00
	docker: invalid reference format.
	See 'docker run --help'.
Removed @azure/communication-common@1.1.0 because of docs package validation failure on 2021-10-27 23:08 +00:00
	docker: invalid reference format.
	See 'docker run --help'.
Removed @azure/communication-identity@1.0.0 because of docs package validation failure on 2021-10-27 23:08 +00:00
	docker: invalid reference format.
	See 'docker run --help'.
Removed @azure/communication-phone-numbers@1.0.0 because of docs package validation failure on 2021-10-27 23:08 +00:00
	docker: invalid reference format.
	See 'docker run --help'.
Removed @azure/communication-sms@1.0.0 because of docs package validation failure on 2021-10-27 23:08 +00:00
	docker: invalid reference format.
	See 'docker run --help'.
Removed @azure/abort-controller@1.0.4 because of docs package validation failure on 2021-10-27 23:08 +00:00
	docker: invalid reference format.
	See 'docker run --help'.
Removed @azure/core-amqp@3.0.0 because of docs package validation failure on 2021-10-27 23:08 +00:00
	docker: invalid reference format.
	See 'docker run --help'.
Removed @azure/core-auth@1.3.2 because of docs package validation failure on 2021-10-27 23:08 +00:00
	docker: invalid reference format.
	See 'docker run --help'.
Removed @azure/core-client@1.3.2 because of docs package validation failure on 2021-10-27 23:08 +00:00
	docker: invalid reference format.
	See 'docker run --help'.
Removed @azure/core-http@2.2.1 because of docs package validation failure on 2021-10-27 23:08 +00:00
	docker: invalid reference format.
	See 'docker run --help'.
Removed @azure/logger@1.0.3 because of docs package validation failure on 2021-10-27 23:08 +00:00
	docker: invalid reference format.
	See 'docker run --help'.
Removed @azure/core-lro@2.2.1 because of docs package validation failure on 2021-10-27 23:08 +00:00
	docker: invalid reference format.
	See 'docker run --help'.
Removed @azure/core-rest-pipeline@1.3.1 because of docs package validation failure on 2021-10-27 23:08 +00:00
	docker: invalid reference format.
	See 'docker run --help'.
Removed @azure/cosmos@3.14.2-alpha.20211025.1 because of docs package validation failure on 2021-10-27 23:08 +00:00
	docker: invalid reference format.
	See 'docker run --help'.
Removed @azure/digital-twins-core@1.0.3 because of docs package validation failure on 2021-10-27 23:08 +00:00
	docker: invalid reference format.
	See 'docker run --help'.
Removed @azure/eventgrid@4.5.1-alpha.20211006.1 because of docs package validation failure on 2021-10-27 23:08 +00:00
	docker: invalid reference format.
	See 'docker run --help'.
Removed @azure/event-hubs@5.6.0 because of docs package validation failure on 2021-10-27 23:08 +00:00
	docker: invalid reference format.
	See 'docker run --help'.
Removed @azure/eventhubs-checkpointstore-blob@1.0.1 because of docs package validation failure on 2021-10-27 23:08 +00:00
	docker: invalid reference format.
	See 'docker run --help'.
Removed @azure/ai-form-recognizer@3.2.0 because of docs package validation failure on 2021-10-27 23:08 +00:00
	docker: invalid reference format.
	See 'docker run --help'.
Removed @azure/identity@2.0.0 because of docs package validation failure on 2021-10-27 23:08 +00:00
	docker: invalid reference format.
	See 'docker run --help'.
Removed @azure/service-bus@7.3.0 because of docs package validation failure on 2021-10-27 23:08 +00:00
	docker: invalid reference format.
	See 'docker run --help'.
Removed @azure/storage-blob@12.8.0 because of docs package validation failure on 2021-10-27 23:08 +00:00
	docker: invalid reference format.
	See 'docker run --help'.
Removed @azure/storage-file-datalake@12.7.0 because of docs package validation failure on 2021-10-27 23:08 +00:00
	docker: invalid reference format.
	See 'docker run --help'.
Removed @azure/storage-file-share@12.8.0 because of docs package validation failure on 2021-10-27 23:08 +00:00
	docker: invalid reference format.
	See 'docker run --help'.
Removed @azure/storage-queue@12.7.0 because of docs package validation failure on 2021-10-27 23:08 +00:00
	docker: invalid reference format.
	See 'docker run --help'.
Removed @azure/ms-rest-js because of docs package validation failure on 2021-10-27 23:08 +00:00
	docker: invalid reference format.
	See 'docker run --help'.
Removed @azure/ms-rest-browserauth because of docs package validation failure on 2021-10-27 23:08 +00:00
	docker: invalid reference format.
	See 'docker run --help'.
Removed @azure/ms-rest-nodeauth because of docs package validation failure on 2021-10-27 23:08 +00:00
	docker: invalid reference format.
	See 'docker run --help'.
Removed @azure/ms-rest-azure-env because of docs package validation failure on 2021-10-27 23:08 +00:00
	docker: invalid reference format.
	See 'docker run --help'.
Removed @azure/applicationinsights-query because of docs package validation failure on 2021-10-27 23:08 +00:00
	docker: invalid reference format.
	See 'docker run --help'.
Removed @azure/arm-advisor because of docs package validation failure on 2021-10-27 23:08 +00:00
	docker: invalid reference format.
	See 'docker run --help'.
Removed @azure/arm-analysisservices because of docs package validation failure on 2021-10-27 23:08 +00:00
	docker: invalid reference format.
	See 'docker run --help'.
Removed @azure/arm-apimanagement@7.1.2 because of docs package validation failure on 2021-10-27 23:08 +00:00
	docker: invalid reference format.
	See 'docker run --help'.
Removed @azure/arm-appinsights because of docs package validation failure on 2021-10-27 23:08 +00:00
	docker: invalid reference format.
	See 'docker run --help'.
Removed @azure/arm-appservice@9.0.0 because of docs package validation failure on 2021-10-27 23:08 +00:00
	docker: invalid reference format.
	See 'docker run --help'.
Removed @azure/arm-authorization@8.4.1 because of docs package validation failure on 2021-10-27 23:08 +00:00
	docker: invalid reference format.
	See 'docker run --help'.
Removed @azure/arm-automation because of docs package validation failure on 2021-10-27 23:08 +00:00
	docker: invalid reference format.
	See 'docker run --help'.
Removed @azure/arm-azurestack because of docs package validation failure on 2021-10-27 23:08 +00:00
	docker: invalid reference format.
	See 'docker run --help'.
Removed @azure/arm-azurestackhci because of docs package validation failure on 2021-10-27 23:08 +00:00
	docker: invalid reference format.
	See 'docker run --help'.
Removed @azure/arm-batch because of docs package validation failure on 2021-10-27 23:08 +00:00
	docker: invalid reference format.
	See 'docker run --help'.
Removed @azure/arm-batchai because of docs package validation failure on 2021-10-27 23:08 +00:00
	docker: invalid reference format.
	See 'docker run --help'.
Removed @azure/arm-billing because of docs package validation failure on 2021-10-27 23:08 +00:00
	docker: invalid reference format.
	See 'docker run --help'.
Removed @azure/arm-cdn because of docs package validation failure on 2021-10-27 23:08 +00:00
	docker: invalid reference format.
	See 'docker run --help'.
Removed @azure/arm-cognitiveservices because of docs package validation failure on 2021-10-27 23:08 +00:00
	docker: invalid reference format.
	See 'docker run --help'.
Removed @azure/arm-commerce because of docs package validation failure on 2021-10-27 23:08 +00:00
	docker: invalid reference format.
	See 'docker run --help'.
Removed @azure/arm-commitmentplans because of docs package validation failure on 2021-10-27 23:08 +00:00
	docker: invalid reference format.
	See 'docker run --help'.
Removed @azure/arm-consumption because of docs package validation failure on 2021-10-27 23:08 +00:00
	docker: invalid reference format.
	See 'docker run --help'.
Removed @azure/arm-containerinstance because of docs package validation failure on 2021-10-27 23:08 +00:00
	docker: invalid reference format.
	See 'docker run --help'.
Removed @azure/arm-containerregistry@8.1.1 because of docs package validation failure on 2021-10-27 23:08 +00:00
	docker: invalid reference format.
	See 'docker run --help'.
Removed @azure/arm-containerservice@14.2.0 because of docs package validation failure on 2021-10-27 23:08 +00:00
	docker: invalid reference format.
	See 'docker run --help'.
Removed @azure/arm-cosmosdb because of docs package validation failure on 2021-10-27 23:08 +00:00
	docker: invalid reference format.
	See 'docker run --help'.
Removed @azure/arm-customerinsights because of docs package validation failure on 2021-10-27 23:08 +00:00
	docker: invalid reference format.
	See 'docker run --help'.
Removed @azure/arm-databox because of docs package validation failure on 2021-10-27 23:08 +00:00
	docker: invalid reference format.
	See 'docker run --help'.
Removed @azure/arm-databricks because of docs package validation failure on 2021-10-27 23:08 +00:00
	docker: invalid reference format.
	See 'docker run --help'.
Removed @azure/arm-datacatalog because of docs package validation failure on 2021-10-27 23:08 +00:00
	docker: invalid reference format.
	See 'docker run --help'.
Removed @azure/arm-datafactory because of docs package validation failure on 2021-10-27 23:08 +00:00
	docker: invalid reference format.
	See 'docker run --help'.
Removed @azure/arm-deploymentmanager because of docs package validation failure on 2021-10-27 23:08 +00:00
	docker: invalid reference format.
	See 'docker run --help'.
Removed @azure/arm-deviceprovisioningservices because of docs package validation failure on 2021-10-27 23:08 +00:00
	docker: invalid reference format.
	See 'docker run --help'.
Removed @azure/arm-devspaces because of docs package validation failure on 2021-10-27 23:08 +00:00
	docker: invalid reference format.
	See 'docker run --help'.
Removed @azure/arm-devtestlabs because of docs package validation failure on 2021-10-27 23:08 +00:00
	docker: invalid reference format.
	See 'docker run --help'.
Removed @azure/arm-dns because of docs package validation failure on 2021-10-27 23:08 +00:00
	docker: invalid reference format.
	See 'docker run --help'.
Removed @azure/arm-domainservices because of docs package validation failure on 2021-10-27 23:08 +00:00
	docker: invalid reference format.
	See 'docker run --help'.
Removed @azure/arm-eventgrid@11.0.1 because of docs package validation failure on 2021-10-27 23:08 +00:00
	docker: invalid reference format.
	See 'docker run --help'.
Removed @azure/arm-eventhub@4.0.0 because of docs package validation failure on 2021-10-27 23:08 +00:00
	docker: invalid reference format.
	See 'docker run --help'.
Removed @azure/arm-frontdoor because of docs package validation failure on 2021-10-27 23:08 +00:00
	docker: invalid reference format.
	See 'docker run --help'.
Removed @azure/arm-hanaonazure because of docs package validation failure on 2021-10-27 23:08 +00:00
	docker: invalid reference format.
	See 'docker run --help'.
Removed @azure/arm-hdinsight because of docs package validation failure on 2021-10-27 23:08 +00:00
	docker: invalid reference format.
	See 'docker run --help'.
Removed @azure/arm-iotcentral because of docs package validation failure on 2021-10-27 23:08 +00:00
	docker: invalid reference format.
	See 'docker run --help'.
Removed @azure/arm-iothub because of docs package validation failure on 2021-10-27 23:08 +00:00
	docker: invalid reference format.
	See 'docker run --help'.
Removed @azure/arm-iotspaces because of docs package validation failure on 2021-10-27 23:08 +00:00
	docker: invalid reference format.
	See 'docker run --help'.
Removed @azure/arm-keyvault@1.3.2 because of docs package validation failure on 2021-10-27 23:08 +00:00
	docker: invalid reference format.
	See 'docker run --help'.
Removed @azure/arm-kusto because of docs package validation failure on 2021-10-27 23:08 +00:00
	docker: invalid reference format.
	See 'docker run --help'.
Removed @azure/arm-labservices because of docs package validation failure on 2021-10-27 23:08 +00:00
	docker: invalid reference format.
	See 'docker run --help'.
Removed @azure/arm-logic@7.1.1 because of docs package validation failure on 2021-10-27 23:08 +00:00
	docker: invalid reference format.
	See 'docker run --help'.
Removed @azure/arm-machinelearningcompute because of docs package validation failure on 2021-10-27 23:08 +00:00
	docker: invalid reference format.
	See 'docker run --help'.
Removed @azure/arm-machinelearningexperimentation because of docs package validation failure on 2021-10-27 23:08 +00:00
	docker: invalid reference format.
	See 'docker run --help'.
Removed @azure/arm-machinelearningservices because of docs package validation failure on 2021-10-27 23:08 +00:00
	docker: invalid reference format.
	See 'docker run --help'.
Removed @azure/arm-managementgroups because of docs package validation failure on 2021-10-27 23:08 +00:00
	docker: invalid reference format.
	See 'docker run --help'.
Removed @azure/arm-managementpartner because of docs package validation failure on 2021-10-27 23:08 +00:00
	docker: invalid reference format.
	See 'docker run --help'.
Removed @azure/arm-maps because of docs package validation failure on 2021-10-27 23:08 +00:00
	docker: invalid reference format.
	See 'docker run --help'.
Removed @azure/arm-mariadb because of docs package validation failure on 2021-10-27 23:08 +00:00
	docker: invalid reference format.
	See 'docker run --help'.
Removed @azure/arm-marketplaceordering because of docs package validation failure on 2021-10-27 23:08 +00:00
	docker: invalid reference format.
	See 'docker run --help'.
Removed @azure/arm-mediaservices because of docs package validation failure on 2021-10-27 23:08 +00:00
	docker: invalid reference format.
	See 'docker run --help'.
Removed @azure/arm-migrate because of docs package validation failure on 2021-10-27 23:08 +00:00
	docker: invalid reference format.
	See 'docker run --help'.
Removed @azure/arm-monitor because of docs package validation failure on 2021-10-27 23:08 +00:00
	docker: invalid reference format.
	See 'docker run --help'.
Removed @azure/arm-msi because of docs package validation failure on 2021-10-27 23:08 +00:00
	docker: invalid reference format.
	See 'docker run --help'.
Removed @azure/arm-mysql because of docs package validation failure on 2021-10-27 23:08 +00:00
	docker: invalid reference format.
	See 'docker run --help'.
Removed @azure/arm-notificationhubs because of docs package validation failure on 2021-10-27 23:08 +00:00
	docker: invalid reference format.
	See 'docker run --help'.
Removed @azure/arm-operationalinsights@ because of docs package validation failure on 2021-10-27 23:08 +00:00
	docker: invalid reference format.
	See 'docker run --help'.
Removed @azure/arm-operations because of docs package validation failure on 2021-10-27 23:08 +00:00
	docker: invalid reference format.
	See 'docker run --help'.
Removed @azure/arm-policyinsights because of docs package validation failure on 2021-10-27 23:08 +00:00
	docker: invalid reference format.
	See 'docker run --help'.
Removed @azure/arm-postgresql@5.2.0 because of docs package validation failure on 2021-10-27 23:08 +00:00
	docker: invalid reference format.
	See 'docker run --help'.
Removed @azure/arm-powerbidedicated because of docs package validation failure on 2021-10-27 23:08 +00:00
	docker: invalid reference format.
	See 'docker run --help'.
Removed @azure/arm-powerbiembedded because of docs package validation failure on 2021-10-27 23:08 +00:00
	docker: invalid reference format.
	See 'docker run --help'.
Removed @azure/arm-recoveryservices@4.2.1 because of docs package validation failure on 2021-10-27 23:08 +00:00
	docker: invalid reference format.
	See 'docker run --help'.
Removed @azure/arm-recoveryservices-siterecovery because of docs package validation failure on 2021-10-27 23:08 +00:00
	docker: invalid reference format.
	See 'docker run --help'.
Removed @azure/arm-recoveryservicesbackup because of docs package validation failure on 2021-10-27 23:08 +00:00
	docker: invalid reference format.
	See 'docker run --help'.
Removed @azure/arm-rediscache@5.0.0 because of docs package validation failure on 2021-10-27 23:08 +00:00
	docker: invalid reference format.
	See 'docker run --help'.
Removed @azure/arm-relay because of docs package validation failure on 2021-10-27 23:08 +00:00
	docker: invalid reference format.
	See 'docker run --help'.
Removed @azure/arm-reservations because of docs package validation failure on 2021-10-27 23:08 +00:00
	docker: invalid reference format.
	See 'docker run --help'.
Removed @azure/arm-resourcehealth because of docs package validation failure on 2021-10-27 23:08 +00:00
	docker: invalid reference format.
	See 'docker run --help'.
Removed @azure/arm-search because of docs package validation failure on 2021-10-27 23:08 +00:00
	docker: invalid reference format.
	See 'docker run --help'.
Removed @azure/arm-security@ because of docs package validation failure on 2021-10-27 23:08 +00:00
	docker: invalid reference format.
	See 'docker run --help'.
Removed @azure/arm-servicebus@4.1.1 because of docs package validation failure on 2021-10-27 23:08 +00:00
	docker: invalid reference format.
	See 'docker run --help'.
Removed @azure/arm-servicefabricmesh because of docs package validation failure on 2021-10-27 23:08 +00:00
	docker: invalid reference format.
	See 'docker run --help'.
Removed @azure/arm-servicemap because of docs package validation failure on 2021-10-27 23:08 +00:00
	docker: invalid reference format.
	See 'docker run --help'.
Removed @azure/arm-signalr because of docs package validation failure on 2021-10-27 23:08 +00:00
	docker: invalid reference format.
	See 'docker run --help'.
Removed @azure/arm-sql@8.0.0 because of docs package validation failure on 2021-10-27 23:08 +00:00
	docker: invalid reference format.
	See 'docker run --help'.
Removed @azure/arm-sqlvirtualmachine because of docs package validation failure on 2021-10-27 23:08 +00:00
	docker: invalid reference format.
	See 'docker run --help'.
Removed @azure/arm-storageimportexport because of docs package validation failure on 2021-10-27 23:08 +00:00
	docker: invalid reference format.
	See 'docker run --help'.
Removed @azure/arm-storagesync because of docs package validation failure on 2021-10-27 23:08 +00:00
	docker: invalid reference format.
	See 'docker run --help'.
Removed @azure/arm-storsimple1200series because of docs package validation failure on 2021-10-27 23:08 +00:00
	docker: invalid reference format.
	See 'docker run --help'.
Removed @azure/arm-storsimple8000series because of docs package validation failure on 2021-10-27 23:08 +00:00
	docker: invalid reference format.
	See 'docker run --help'.
Removed @azure/arm-streamanalytics because of docs package validation failure on 2021-10-27 23:08 +00:00
	docker: invalid reference format.
	See 'docker run --help'.
Removed @azure/arm-subscriptions because of docs package validation failure on 2021-10-27 23:08 +00:00
	docker: invalid reference format.
	See 'docker run --help'.
Removed @azure/arm-timeseriesinsights because of docs package validation failure on 2021-10-27 23:08 +00:00
	docker: invalid reference format.
	See 'docker run --help'.
Removed @azure/arm-trafficmanager because of docs package validation failure on 2021-10-27 23:08 +00:00
	docker: invalid reference format.
	See 'docker run --help'.
Removed @azure/arm-visualstudio because of docs package validation failure on 2021-10-27 23:08 +00:00
	docker: invalid reference format.
	See 'docker run --help'.
Removed @azure/arm-webservices because of docs package validation failure on 2021-10-27 23:08 +00:00
	docker: invalid reference format.
	See 'docker run --help'.
Removed @azure/arm-workspaces because of docs package validation failure on 2021-10-27 23:08 +00:00
	docker: invalid reference format.
	See 'docker run --help'.
Removed @azure/batch@8.0.0 because of docs package validation failure on 2021-10-27 23:08 +00:00
	docker: invalid reference format.
	See 'docker run --help'.
Removed @azure/cognitiveservices-autosuggest because of docs package validation failure on 2021-10-27 23:08 +00:00
	docker: invalid reference format.
	See 'docker run --help'.
Removed @azure/cognitiveservices-computervision because of docs package validation failure on 2021-10-27 23:08 +00:00
	docker: invalid reference format.
	See 'docker run --help'.
Removed @azure/cognitiveservices-contentmoderator because of docs package validation failure on 2021-10-27 23:08 +00:00
	docker: invalid reference format.
	See 'docker run --help'.
Removed @azure/cognitiveservices-customimagesearch because of docs package validation failure on 2021-10-27 23:08 +00:00
	docker: invalid reference format.
	See 'docker run --help'.
Removed @azure/cognitiveservices-customsearch because of docs package validation failure on 2021-10-27 23:08 +00:00
	docker: invalid reference format.
	See 'docker run --help'.
Removed @azure/cognitiveservices-customvision-prediction because of docs package validation failure on 2021-10-27 23:08 +00:00
	docker: invalid reference format.
	See 'docker run --help'.
Removed @azure/cognitiveservices-customvision-training because of docs package validation failure on 2021-10-27 23:08 +00:00
	docker: invalid reference format.
	See 'docker run --help'.
Removed @azure/cognitiveservices-entitysearch because of docs package validation failure on 2021-10-27 23:08 +00:00
	docker: invalid reference format.
	See 'docker run --help'.
Removed @azure/cognitiveservices-face because of docs package validation failure on 2021-10-27 23:08 +00:00
	docker: invalid reference format.
	See 'docker run --help'.
Removed @azure/cognitiveservices-imagesearch because of docs package validation failure on 2021-10-27 23:08 +00:00
	docker: invalid reference format.
	See 'docker run --help'.
Removed @azure/cognitiveservices-localsearch because of docs package validation failure on 2021-10-27 23:08 +00:00
	docker: invalid reference format.
	See 'docker run --help'.
Removed @azure/cognitiveservices-luis-authoring because of docs package validation failure on 2021-10-27 23:08 +00:00
	docker: invalid reference format.
	See 'docker run --help'.
Removed @azure/cognitiveservices-luis-runtime because of docs package validation failure on 2021-10-27 23:08 +00:00
	docker: invalid reference format.
	See 'docker run --help'.
Removed @azure/cognitiveservices-newssearch because of docs package validation failure on 2021-10-27 23:08 +00:00
	docker: invalid reference format.
	See 'docker run --help'.
Removed @azure/cognitiveservices-qnamaker because of docs package validation failure on 2021-10-27 23:08 +00:00
	docker: invalid reference format.
	See 'docker run --help'.
Removed @azure/cognitiveservices-spellcheck because of docs package validation failure on 2021-10-27 23:08 +00:00
	docker: invalid reference format.
	See 'docker run --help'.
Removed @azure/cognitiveservices-textanalytics because of docs package validation failure on 2021-10-27 23:08 +00:00
	docker: invalid reference format.
	See 'docker run --help'.
Removed @azure/cognitiveservices-videosearch because of docs package validation failure on 2021-10-27 23:08 +00:00
	docker: invalid reference format.
	See 'docker run --help'.
Removed @azure/cognitiveservices-visualsearch because of docs package validation failure on 2021-10-27 23:08 +00:00
	docker: invalid reference format.
	See 'docker run --help'.
Removed @azure/cognitiveservices-websearch because of docs package validation failure on 2021-10-27 23:08 +00:00
	docker: invalid reference format.
	See 'docker run --help'.
Removed @azure/graph because of docs package validation failure on 2021-10-27 23:08 +00:00
	docker: invalid reference format.
	See 'docker run --help'.
Removed @azure/loganalytics because of docs package validation failure on 2021-10-27 23:08 +00:00
	docker: invalid reference format.
	See 'docker run --help'.
Removed @azure/servicefabric because of docs package validation failure on 2021-10-27 23:08 +00:00
	docker: invalid reference format.
	See 'docker run --help'.
Removed @azure/cognitiveservices-anomalydetector because of docs package validation failure on 2021-10-27 23:08 +00:00
	docker: invalid reference format.
	See 'docker run --help'.
Removed microsoft-cognitiveservices-speech-sdk because of docs package validation failure on 2021-10-27 23:08 +00:00
	docker: invalid reference format.
	See 'docker run --help'.
Removed azure-iothub because of docs package validation failure on 2021-10-27 23:08 +00:00
	docker: invalid reference format.
	See 'docker run --help'.
Removed azure-iot-device because of docs package validation failure on 2021-10-27 23:08 +00:00
	docker: invalid reference format.
	See 'docker run --help'.
Removed @azure/cognitiveservices-formrecognizer because of docs package validation failure on 2021-10-27 23:08 +00:00
	docker: invalid reference format.
	See 'docker run --help'.
Removed @azure/arm-resourcegraph because of docs package validation failure on 2021-10-27 23:08 +00:00
	docker: invalid reference format.
	See 'docker run --help'.
Removed @azure/cognitiveservices-personalizer because of docs package validation failure on 2021-10-27 23:08 +00:00
	docker: invalid reference format.
	See 'docker run --help'.
Removed azure-iot-provisioning-service because of docs package validation failure on 2021-10-27 23:08 +00:00
	docker: invalid reference format.
	See 'docker run --help'.
Removed durable-functions because of docs package validation failure on 2021-10-27 23:08 +00:00
	docker: invalid reference format.
	See 'docker run --help'.
Removed azure-iot-provisioning-device because of docs package validation failure on 2021-10-27 23:08 +00:00
	docker: invalid reference format.
	See 'docker run --help'.
Removed @azure/core-paging@1.2.0 because of docs package validation failure on 2021-10-27 23:08 +00:00
	docker: invalid reference format.
	See 'docker run --help'.
Removed @azure/arm-support because of docs package validation failure on 2021-10-27 23:08 +00:00
	docker: invalid reference format.
	See 'docker run --help'.
Removed @azure/synapse because of docs package validation failure on 2021-10-27 23:08 +00:00
	docker: invalid reference format.
	See 'docker run --help'.
Removed @azure/arm-synapse because of docs package validation failure on 2021-10-27 23:08 +00:00
	docker: invalid reference format.
	See 'docker run --help'.
Removed azuremediaplayer@2.3.4 because of docs package validation failure on 2021-10-27 23:08 +00:00
	docker: invalid reference format.
	See 'docker run --help'.
Removed @azure/arm-storagecache because of docs package validation failure on 2021-10-27 23:08 +00:00
	docker: invalid reference format.
	See 'docker run --help'.
Removed azure-iot-common because of docs package validation failure on 2021-10-27 23:08 +00:00
	docker: invalid reference format.
	See 'docker run --help'.
Removed @azure/arm-mixedreality because of docs package validation failure on 2021-10-27 23:08 +00:00
	docker: invalid reference format.
	See 'docker run --help'.
Removed @azure/arm-digitaltwins because of docs package validation failure on 2021-10-27 23:08 +00:00
	docker: invalid reference format.
	See 'docker run --help'.
Removed azure-iot-digitaltwins-service because of docs package validation failure on 2021-10-27 23:08 +00:00
	docker: invalid reference format.
	See 'docker run --help'.
Removed @azure/cognitiveservices-qnamaker-runtime because of docs package validation failure on 2021-10-27 23:08 +00:00
	docker: invalid reference format.
	See 'docker run --help'.
Removed @azure/arm-appconfiguration because of docs package validation failure on 2021-10-27 23:08 +00:00
	docker: invalid reference format.
	See 'docker run --help'.
Removed @azure/arm-appplatform@1.4.0 because of docs package validation failure on 2021-10-27 23:08 +00:00
	docker: invalid reference format.
	See 'docker run --help'.
Removed @azure/digital-twins because of docs package validation failure on 2021-10-27 23:08 +00:00
	docker: invalid reference format.
	See 'docker run --help'.
Removed @azure/arm-hybridcompute because of docs package validation failure on 2021-10-27 23:08 +00:00
	docker: invalid reference format.
	See 'docker run --help'.
Removed @azure/arm-resourcemover because of docs package validation failure on 2021-10-27 23:08 +00:00
	docker: invalid reference format.
	See 'docker run --help'.
Removed @azure/arm-redisenterprisecache because of docs package validation failure on 2021-10-27 23:08 +00:00
	docker: invalid reference format.
	See 'docker run --help'.
Removed @azure/data-tables@12.1.2 because of docs package validation failure on 2021-10-27 23:08 +00:00
	docker: invalid reference format.
	See 'docker run --help'.
Removed @azure/keyvault-certificates@4.3.0 because of docs package validation failure on 2021-10-27 23:08 +00:00
	docker: invalid reference format.
	See 'docker run --help'.
Removed @azure/keyvault-keys@4.3.0 because of docs package validation failure on 2021-10-27 23:08 +00:00
	docker: invalid reference format.
	See 'docker run --help'.
Removed @azure/keyvault-secrets@4.3.0 because of docs package validation failure on 2021-10-27 23:08 +00:00
	docker: invalid reference format.
	See 'docker run --help'.
Removed @azure/ai-text-analytics@5.1.0 because of docs package validation failure on 2021-10-27 23:08 +00:00
	docker: invalid reference format.
	See 'docker run --help'.
Removed @azure/keyvault-admin@4.1.0 because of docs package validation failure on 2021-10-27 23:08 +00:00
	docker: invalid reference format.
	See 'docker run --help'.
Removed @azure/communication-react because of docs package validation failure on 2021-10-27 23:08 +00:00
	docker: invalid reference format.
	See 'docker run --help'.
Removed @azure/ai-metrics-advisor@1.0.0 because of docs package validation failure on 2021-10-27 23:08 +00:00
	docker: invalid reference format.
	See 'docker run --help'.
Removed @azure/arm-compute@16.5.0 because of docs package validation failure on 2021-10-27 23:08 +00:00
	docker: invalid reference format.
	See 'docker run --help'.
Removed @azure/arm-features@2.0.0 because of docs package validation failure on 2021-10-27 23:08 +00:00
	docker: invalid reference format.
	See 'docker run --help'.
Removed @azure/arm-links@1.1.2 because of docs package validation failure on 2021-10-27 23:08 +00:00
	docker: invalid reference format.
	See 'docker run --help'.
Removed @azure/arm-locks@1.2.2 because of docs package validation failure on 2021-10-27 23:08 +00:00
	docker: invalid reference format.
	See 'docker run --help'.
Removed @azure/arm-managedapplications@1.1.2 because of docs package validation failure on 2021-10-27 23:08 +00:00
	docker: invalid reference format.
	See 'docker run --help'.
Removed @azure/arm-network@25.2.0 because of docs package validation failure on 2021-10-27 23:08 +00:00
	docker: invalid reference format.
	See 'docker run --help'.
Removed @azure/arm-policy@4.2.0 because of docs package validation failure on 2021-10-27 23:08 +00:00
	docker: invalid reference format.
	See 'docker run --help'.
Removed @azure/arm-resources@4.2.2 because of docs package validation failure on 2021-10-27 23:08 +00:00
	docker: invalid reference format.
	See 'docker run --help'.
Removed @azure/arm-storage@16.1.2 because of docs package validation failure on 2021-10-27 23:08 +00:00
	docker: invalid reference format.
	See 'docker run --help'.
Removed @azure/core-xml@1.0.0 because of docs package validation failure on 2021-10-27 23:08 +00:00
	docker: invalid reference format.
	See 'docker run --help'.
Removed @azure/attestation@1.0.0 because of docs package validation failure on 2021-10-27 23:08 +00:00
	docker: invalid reference format.
	See 'docker run --help'.
Removed @azure/communication-chat@1.1.1 because of docs package validation failure on 2021-10-27 23:08 +00:00
	docker: invalid reference format.
	See 'docker run --help'.
Removed @azure/monitor-query@1.0.0 because of docs package validation failure on 2021-10-27 23:08 +00:00
	docker: invalid reference format.
	See 'docker run --help'.
Removed @azure/arm-operationalinsights@7.1.1 because of docs package validation failure on 2021-10-27 23:08 +00:00
	docker: invalid reference format.
	See 'docker run --help'.
Removed @azure/arm-security@3.0.0 because of docs package validation failure on 2021-10-27 23:08 +00:00
	docker: invalid reference format.
	See 'docker run --help'.
Removed @azure/arm-resources-subscriptions@1.0.1 because of docs package validation failure on 2021-10-27 23:08 +00:00
	docker: invalid reference format.
	See 'docker run --help'.
